app/build/intermediates/manifest_merge_blame_file/debug/manifest-merger-blame-debug-report.txt
1<?xml version="1.0" encoding="utf-8"?>
2<manifest xmlns:android="http://schemas.android.com/apk/res/android"
3    package="com.bouchenna.rv_weather"
4    android:versionCode="1"
5    android:versionName="1.0" >
6
7    <uses-sdk
8        android:minSdkVersion="28"
9        android:targetSdkVersion="34" />
10
11    <uses-permission android:name="android.permission.ACCESS_COARSE_LOCATION" />
11-->[com.google.android.libraries.places:places:3.3.0] AndroidManifest.xml:9:5-81
11-->[com.google.android.libraries.places:places:3.3.0] AndroidManifest.xml:9:22-78
12    <uses-permission android:name="android.permission.ACCESS_FINE_LOCATION" />
12-->[com.google.android.libraries.places:places:3.3.0] AndroidManifest.xml:10:5-79
12-->[com.google.android.libraries.places:places:3.3.0] AndroidManifest.xml:10:22-76
13    <uses-permission android:name="android.permission.ACCESS_WIFI_STATE" />
13-->[com.google.android.libraries.places:places:3.3.0] AndroidManifest.xml:11:5-76
13-->[com.google.android.libraries.places:places:3.3.0] AndroidManifest.xml:11:22-73
14    <uses-permission android:name="android.permission.INTERNET" /> <!-- Include required permissions for Google Maps API to run. -->
14-->[com.google.android.libraries.places:places:3.3.0] AndroidManifest.xml:12:5-67
14-->[com.google.android.libraries.places:places:3.3.0] AndroidManifest.xml:12:22-64
15    <uses-permission android:name="android.permission.ACCESS_NETWORK_STATE" />
15-->[com.google.android.gms:play-services-maps:17.0.0] AndroidManifest.xml:23:5-79
15-->[com.google.android.gms:play-services-maps:17.0.0] AndroidManifest.xml:23:22-76
16
17    <uses-feature
17-->[com.google.android.gms:play-services-maps:17.0.0] AndroidManifest.xml:26:5-28:35
18        android:glEsVersion="0x00020000"
18-->[com.google.android.gms:play-services-maps:17.0.0] AndroidManifest.xml:27:9-41
19        android:required="true" />
19-->[com.google.android.gms:play-services-maps:17.0.0] AndroidManifest.xml:28:9-32
20
21    <permission
21-->[androidx.core:core:1.12.0] AndroidManifest.xml:22:5-24:47
22        android:name="com.bouchenna.rv_weather.DYNAMIC_RECEIVER_NOT_EXPORTED_PERMISSION"
22-->[androidx.core:core:1.12.0] AndroidManifest.xml:23:9-81
23        android:protectionLevel="signature" />
23-->[androidx.core:core:1.12.0] AndroidManifest.xml:24:9-44
24
25    <uses-permission android:name="com.bouchenna.rv_weather.DYNAMIC_RECEIVER_NOT_EXPORTED_PERMISSION" />
25-->[androidx.core:core:1.12.0] AndroidManifest.xml:26:5-97
25-->[androidx.core:core:1.12.0] AndroidManifest.xml:26:22-94
26
27    <application
27-->src\main\AndroidManifest.xml:5:5-32:19
28        android:allowBackup="true"
28-->src\main\AndroidManifest.xml:6:9-35
29        android:appComponentFactory="androidx.core.app.CoreComponentFactory"
29-->[androidx.core:core:1.12.0] AndroidManifest.xml:28:18-86
30        android:dataExtractionRules="@xml/data_extraction_rules"
30-->src\main\AndroidManifest.xml:7:9-65
31        android:debuggable="true"
32        android:extractNativeLibs="false"
33        android:fullBackupContent="@xml/backup_rules"
33-->src\main\AndroidManifest.xml:8:9-54
34        android:icon="@mipmap/ic_launcher"
34-->src\main\AndroidManifest.xml:9:9-43
35        android:label="@string/app_name"
35-->src\main\AndroidManifest.xml:10:9-41
36        android:roundIcon="@mipmap/ic_launcher_round"
36-->src\main\AndroidManifest.xml:11:9-54
37        android:supportsRtl="true"
37-->src\main\AndroidManifest.xml:12:9-35
38        android:testOnly="true"
39        android:theme="@style/Theme.RV_weather" >
39-->src\main\AndroidManifest.xml:13:9-48
40        <activity
40-->src\main\AndroidManifest.xml:15:9-25:20
41            android:name="com.bouchenna.rv_weather.MainActivity"
41-->src\main\AndroidManifest.xml:16:13-41
42            android:exported="true"
42-->src\main\AndroidManifest.xml:17:13-36
43            android:label="@string/app_name"
43-->src\main\AndroidManifest.xml:18:13-45
44            android:theme="@style/Theme.RV_weather.NoActionBar" >
44-->src\main\AndroidManifest.xml:19:13-64
45            <intent-filter>
45-->src\main\AndroidManifest.xml:20:13-24:29
46                <action android:name="android.intent.action.MAIN" />
46-->src\main\AndroidManifest.xml:21:17-69
46-->src\main\AndroidManifest.xml:21:25-66
47
48                <category android:name="android.intent.category.LAUNCHER" />
48-->src\main\AndroidManifest.xml:23:17-77
48-->src\main\AndroidManifest.xml:23:27-74
49            </intent-filter>
50        </activity>
51
52        <meta-data
52-->src\main\AndroidManifest.xml:26:9-29:15
53            android:name="com.google.android.geo.API_KEY"
53-->src\main\AndroidManifest.xml:27:13-58
54            android:value="AIzaSyAUhesh_MfnKVmEET8G6IKmDVaYUocE_yI" />
54-->src\main\AndroidManifest.xml:28:13-68
55
56        <activity
56-->[com.google.android.libraries.places:places:3.3.0] AndroidManifest.xml:15:9-21:20
57            android:name="com.google.android.libraries.places.widget.AutocompleteActivity"
57-->[com.google.android.libraries.places:places:3.3.0] AndroidManifest.xml:16:13-91
58            android:exported="false"
58-->[com.google.android.libraries.places:places:3.3.0] AndroidManifest.xml:17:13-37
59            android:label="@string/places_autocomplete_label"
59-->[com.google.android.libraries.places:places:3.3.0] AndroidManifest.xml:18:13-62
60            android:theme="@style/PlacesAutocompleteOverlay"
60-->[com.google.android.libraries.places:places:3.3.0] AndroidManifest.xml:19:13-61
61            android:windowSoftInputMode="adjustResize" >
61-->[com.google.android.libraries.places:places:3.3.0] AndroidManifest.xml:20:13-55
62        </activity>
63
64        <provider
64-->[androidx.emoji2:emoji2:1.2.0] AndroidManifest.xml:24:9-32:20
65            android:name="androidx.startup.InitializationProvider"
65-->[androidx.emoji2:emoji2:1.2.0] AndroidManifest.xml:25:13-67
66            android:authorities="com.bouchenna.rv_weather.androidx-startup"
66-->[androidx.emoji2:emoji2:1.2.0] AndroidManifest.xml:26:13-68
67            android:exported="false" >
67-->[androidx.emoji2:emoji2:1.2.0] AndroidManifest.xml:27:13-37
68            <meta-data
68-->[androidx.emoji2:emoji2:1.2.0] AndroidManifest.xml:29:13-31:52
69                android:name="androidx.emoji2.text.EmojiCompatInitializer"
69-->[androidx.emoji2:emoji2:1.2.0] AndroidManifest.xml:30:17-75
70                android:value="androidx.startup" />
70-->[androidx.emoji2:emoji2:1.2.0] AndroidManifest.xml:31:17-49
71            <meta-data
71-->[androidx.lifecycle:lifecycle-process:2.7.0] AndroidManifest.xml:29:13-31:52
72                android:name="androidx.lifecycle.ProcessLifecycleInitializer"
72-->[androidx.lifecycle:lifecycle-process:2.7.0] AndroidManifest.xml:30:17-78
73                android:value="androidx.startup" />
73-->[androidx.lifecycle:lifecycle-process:2.7.0] AndroidManifest.xml:31:17-49
74            <meta-data
74-->[androidx.profileinstaller:profileinstaller:1.3.0] AndroidManifest.xml:29:13-31:52
75                android:name="androidx.profileinstaller.ProfileInstallerInitializer"
75-->[androidx.profileinstaller:profileinstaller:1.3.0] AndroidManifest.xml:30:17-85
76                android:value="androidx.startup" />
76-->[androidx.profileinstaller:profileinstaller:1.3.0] AndroidManifest.xml:31:17-49
77        </provider>
78
79        <meta-data
79-->[com.google.android.gms:play-services-fitness:21.1.0] AndroidManifest.xml:23:9-25:38
80            android:name="com.google.gms.fitness.sdk.version"
80-->[com.google.android.gms:play-services-fitness:21.1.0] AndroidManifest.xml:24:13-62
81            android:value="21.1.0" /> <!-- Needs to be explicitly declared on P+ -->
81-->[com.google.android.gms:play-services-fitness:21.1.0] AndroidManifest.xml:25:13-35
82        <uses-library
82-->[com.google.android.gms:play-services-maps:17.0.0] AndroidManifest.xml:33:9-35:40
83            android:name="org.apache.http.legacy"
83-->[com.google.android.gms:play-services-maps:17.0.0] AndroidManifest.xml:34:13-50
84            android:required="false" />
84-->[com.google.android.gms:play-services-maps:17.0.0] AndroidManifest.xml:35:13-37
85
86        <activity
86-->[com.google.android.gms:play-services-base:18.0.1] AndroidManifest.xml:20:9-22:45
87            android:name="com.google.android.gms.common.api.GoogleApiActivity"
87-->[com.google.android.gms:play-services-base:18.0.1] AndroidManifest.xml:20:19-85
88            android:exported="false"
88-->[com.google.android.gms:play-services-base:18.0.1] AndroidManifest.xml:22:19-43
89            android:theme="@android:style/Theme.Translucent.NoTitleBar" />
89-->[com.google.android.gms:play-services-base:18.0.1] AndroidManifest.xml:21:19-78
90
91        <meta-data
91-->[com.google.android.gms:play-services-basement:18.0.0] AndroidManifest.xml:21:9-23:69
92            android:name="com.google.android.gms.version"
92-->[com.google.android.gms:play-services-basement:18.0.0] AndroidManifest.xml:22:13-58
93            android:value="@integer/google_play_services_version" />
93-->[com.google.android.gms:play-services-basement:18.0.0] AndroidManifest.xml:23:13-66
94
95        <uses-library
95-->[androidx.window:window:1.0.0] AndroidManifest.xml:25:9-27:40
96            android:name="androidx.window.extensions"
96-->[androidx.window:window:1.0.0] AndroidManifest.xml:26:13-54
97            android:required="false" />
97-->[androidx.window:window:1.0.0] AndroidManifest.xml:27:13-37
98        <uses-library
98-->[androidx.window:window:1.0.0] AndroidManifest.xml:28:9-30:40
99            android:name="androidx.window.sidecar"
99-->[androidx.window:window:1.0.0] AndroidManifest.xml:29:13-51
100            android:required="false" />
100-->[androidx.window:window:1.0.0] AndroidManifest.xml:30:13-37
101
102        <service
102-->[com.google.android.datatransport:transport-backend-cct:2.3.0] AndroidManifest.xml:29:9-35:19
103            android:name="com.google.android.datatransport.runtime.backends.TransportBackendDiscovery"
103-->[com.google.android.datatransport:transport-backend-cct:2.3.0] AndroidManifest.xml:30:13-103
104            android:exported="false" >
104-->[com.google.android.datatransport:transport-backend-cct:2.3.0] AndroidManifest.xml:31:13-37
105            <meta-data
105-->[com.google.android.datatransport:transport-backend-cct:2.3.0] AndroidManifest.xml:32:13-34:39
106                android:name="backend:com.google.android.datatransport.cct.CctBackendFactory"
106-->[com.google.android.datatransport:transport-backend-cct:2.3.0] AndroidManifest.xml:33:17-94
107                android:value="cct" />
107-->[com.google.android.datatransport:transport-backend-cct:2.3.0] AndroidManifest.xml:34:17-36
108        </service>
109        <service
109-->[com.google.android.datatransport:transport-runtime:2.2.3] AndroidManifest.xml:26:9-30:19
110            android:name="com.google.android.datatransport.runtime.scheduling.jobscheduling.JobInfoSchedulerService"
110-->[com.google.android.datatransport:transport-runtime:2.2.3] AndroidManifest.xml:27:13-117
111            android:exported="false"
111-->[com.google.android.datatransport:transport-runtime:2.2.3] AndroidManifest.xml:28:13-37
112            android:permission="android.permission.BIND_JOB_SERVICE" >
112-->[com.google.android.datatransport:transport-runtime:2.2.3] AndroidManifest.xml:29:13-69
113        </service>
114
115        <receiver
115-->[com.google.android.datatransport:transport-runtime:2.2.3] AndroidManifest.xml:32:9-34:40
116            android:name="com.google.android.datatransport.runtime.scheduling.jobscheduling.AlarmManagerSchedulerBroadcastReceiver"
116-->[com.google.android.datatransport:transport-runtime:2.2.3] AndroidManifest.xml:33:13-132
117            android:exported="false" />
117-->[com.google.android.datatransport:transport-runtime:2.2.3] AndroidManifest.xml:34:13-37
118        <receiver
118-->[androidx.profileinstaller:profileinstaller:1.3.0] AndroidManifest.xml:34:9-52:20
119            android:name="androidx.profileinstaller.ProfileInstallReceiver"
119-->[androidx.profileinstaller:profileinstaller:1.3.0] AndroidManifest.xml:35:13-76
120            android:directBootAware="false"
120-->[androidx.profileinstaller:profileinstaller:1.3.0] AndroidManifest.xml:36:13-44
121            android:enabled="true"
121-->[androidx.profileinstaller:profileinstaller:1.3.0] AndroidManifest.xml:37:13-35
122            android:exported="true"
122-->[androidx.profileinstaller:profileinstaller:1.3.0] AndroidManifest.xml:38:13-36
123            android:permission="android.permission.DUMP" >
123-->[androidx.profileinstaller:profileinstaller:1.3.0] AndroidManifest.xml:39:13-57
124            <intent-filter>
124-->[androidx.profileinstaller:profileinstaller:1.3.0] AndroidManifest.xml:40:13-42:29
125                <action android:name="androidx.profileinstaller.action.INSTALL_PROFILE" />
125-->[androidx.profileinstaller:profileinstaller:1.3.0] AndroidManifest.xml:41:17-91
125-->[androidx.profileinstaller:profileinstaller:1.3.0] AndroidManifest.xml:41:25-88
126            </intent-filter>
127            <intent-filter>
127-->[androidx.profileinstaller:profileinstaller:1.3.0] AndroidManifest.xml:43:13-45:29
128                <action android:name="androidx.profileinstaller.action.SKIP_FILE" />
128-->[androidx.profileinstaller:profileinstaller:1.3.0] AndroidManifest.xml:44:17-85
128-->[androidx.profileinstaller:profileinstaller:1.3.0] AndroidManifest.xml:44:25-82
129            </intent-filter>
130            <intent-filter>
130-->[androidx.profileinstaller:profileinstaller:1.3.0] AndroidManifest.xml:46:13-48:29
131                <action android:name="androidx.profileinstaller.action.SAVE_PROFILE" />
131-->[androidx.profileinstaller:profileinstaller:1.3.0] AndroidManifest.xml:47:17-88
131-->[androidx.profileinstaller:profileinstaller:1.3.0] AndroidManifest.xml:47:25-85
132            </intent-filter>
133            <intent-filter>
133-->[androidx.profileinstaller:profileinstaller:1.3.0] AndroidManifest.xml:49:13-51:29
134                <action android:name="androidx.profileinstaller.action.BENCHMARK_OPERATION" />
134-->[androidx.profileinstaller:profileinstaller:1.3.0] AndroidManifest.xml:50:17-95
134-->[androidx.profileinstaller:profileinstaller:1.3.0] AndroidManifest.xml:50:25-92
135            </intent-filter>
136        </receiver>
137    </application>
138
139</manifest>